<?xml version="1.0" encoding="UTF-8"?>
<!-- Generated by org.testng.reporters.JUnitXMLReporter -->
<testsuite ignored="1" hostname="N301310" failures="0" tests="3" name="Chrometest" time="15.994" errors="0" timestamp="2023-11-23T16:16:38 IST">
  <testcase classname="Testcases.TC_0002_ToolsQA" name="init" time="0.033"/>
  <testcase classname="Testcases.TC_0002_ToolsQA" name="Enterdetails" time="0.378"/>
  <testcase classname="Testcases.TC_0002_ToolsQA" name="mouseactions" time="1.497"/>
  <testcase classname="Testcases.TC_0002_ToolsQA" name="draganddrop" time="0.0">
    <ignored/>
  </testcase> <!-- draganddrop -->
</testsuite> <!-- Chrometest -->
