<?xml version="1.0" encoding="UTF-8"?>
<!-- Generated by org.testng.reporters.JUnitXMLReporter -->
<testsuite ignored="1" hostname="N301310" failures="0" tests="5" name="Chrome_Test" time="3.493" errors="0" timestamp="2023-11-02T16:59:02 IST">
  <testcase classname="Testcases.TC_0002_ToolsQA" name="Enterdetails" time="0.0">
    <skipped/>
  </testcase> <!-- Enterdetails -->
  <testcase classname="Testcases.TC_0002_ToolsQA" name="Enterdetails" time="0.0">
    <skipped/>
  </testcase> <!-- Enterdetails -->
  <testcase classname="Testcases.TC_0002_ToolsQA" name="mouseactions" time="0.0">
    <skipped/>
  </testcase> <!-- mouseactions -->
  <testcase classname="Testcases.TC_0002_ToolsQA" name="keyboardactions" time="0.001">
    <skipped/>
  </testcase> <!-- keyboardactions -->
  <testcase classname="Testcases.TC_0002_ToolsQA" name="displaylinks" time="0.0">
    <skipped/>
  </testcase> <!-- displaylinks -->
  <testcase classname="Testcases.TC_0002_ToolsQA" name="draganddrop" time="0.0">
    <ignored/>
  </testcase> <!-- draganddrop -->
</testsuite> <!-- Chrome_Test -->
