<?xml version="1.0" encoding="UTF-8"?>
<!-- Generated by org.testng.reporters.JUnitXMLReporter -->
<testsuite ignored="0" hostname="N301310" failures="0" tests="3" name="Edgetest" time="4.688" errors="0" timestamp="2023-10-17T22:21:07 IST">
  <testcase classname="Testcases.TC_0001_checkforlogin" name="aftercheck1" time="0.0">
    <skipped/>
  </testcase> <!-- aftercheck1 -->
  <testcase classname="Testcases.TC_0001_checkforlogin" name="basecheck1" time="0.0">
    <skipped/>
  </testcase> <!-- basecheck1 -->
  <testcase classname="Testcases.TC_0001_checkforlogin" name="check1" time="0.0">
    <skipped/>
  </testcase> <!-- check1 -->
</testsuite> <!-- Edgetest -->
