<?xml version="1.0" encoding="UTF-8"?>
<!-- Generated by org.testng.reporters.JUnitXMLReporter -->
<testsuite ignored="1" hostname="N301310" failures="0" tests="7" name="Edge_Test" time="26.643" errors="0" timestamp="2023-11-09T15:28:34 IST">
  <testcase classname="Testcases.TC_0002_ToolsQA" name="Enterdetails" time="0.565"/>
  <testcase classname="Testcases.TC_0002_ToolsQA" name="mouseactions" time="1.604"/>
  <testcase classname="Testcases.TC_0002_ToolsQA" name="keyboardactions" time="1.553"/>
  <testcase classname="Testcases.TC_0002_ToolsQA" name="displaylinks" time="0.077"/>
  <testcase classname="Testcases.TC_0002_ToolsQA" name="popuphandler" time="4.252"/>
  <testcase classname="Testcases.TC_0002_ToolsQA" name="windowhandler" time="6.62"/>
  <testcase classname="Testcases.TC_0002_ToolsQA" name="dynamictable" time="1.78"/>
  <testcase classname="Testcases.TC_0002_ToolsQA" name="draganddrop" time="0.0">
    <ignored/>
  </testcase> <!-- draganddrop -->
</testsuite> <!-- Edge_Test -->
