<?xml version="1.0" encoding="UTF-8"?>
<!-- Generated by org.testng.reporters.JUnitXMLReporter -->
<testsuite ignored="0" hostname="FWS-CHE-LT-9168" failures="0" tests="12" name="Rahulshetty" time="61.862" errors="0" timestamp="2024-01-23T11:57:45 IST">
  <testcase classname="Testcases.TC_0003_RahushettyTC" name="init" time="0.078"/>
  <testcase classname="Testcases.TC_0003_RahushettyTC" name="clickradiobutton" time="1.364"/>
  <testcase classname="Testcases.TC_0003_RahushettyTC" name="alertpopuphandler" time="0.989"/>
  <testcase classname="Testcases.TC_0003_RahushettyTC" name="displayalllinks" time="0.691"/>
  <testcase classname="Testcases.TC_0003_RahushettyTC" name="windowhandler" time="24.342"/>
  <testcase classname="Testcases.TC_0003_RahushettyTC" name="dynamictablehandler" time="1.737"/>
  <testcase classname="Testcases.TC_0003_RahushettyTC" name="brokenlinkvalidations" time="4.747"/>
  <testcase classname="Testcases.TC_0003_RahushettyTC" name="selectdropdown" time="0.163"/>
  <testcase classname="Testcases.TC_0003_RahushettyTC" name="suggestionbox" time="2.108"/>
  <testcase classname="Testcases.TC_0003_RahushettyTC" name="checkboxclick" time="0.355"/>
  <testcase classname="Testcases.TC_0003_RahushettyTC" name="newtabhandling" time="5.732"/>
  <testcase classname="Testcases.TC_0003_RahushettyTC" name="alerthandler2" time="0.822"/>
</testsuite> <!-- Rahulshetty -->
