<?xml version="1.0" encoding="UTF-8"?>
<!-- Generated by org.testng.reporters.JUnitXMLReporter -->
<testsuite ignored="0" hostname="N301310" failures="0" tests="3" name="Test" time="12.77" errors="0" timestamp="2023-10-16T15:14:47 IST">
  <testcase classname="Testcases.TC_0001_checkforlogin" name="aftercheck1" time="0.01"/>
  <testcase classname="Testcases.TC_0001_checkforlogin" name="basecheck1" time="0.001"/>
  <testcase classname="Testcases.TC_0001_checkforlogin" name="check1" time="0.002"/>
</testsuite> <!-- Test -->
