<?xml version="1.0" encoding="UTF-8"?>
<!-- Generated by org.testng.reporters.JUnitXMLReporter -->
<testsuite ignored="0" hostname="N301310" failures="0" tests="14" name="ToolsQA" time="52.447" errors="0" timestamp="2023-12-19T17:41:06 IST">
  <testcase classname="Testcases.TC_0002_ToolsQA" name="init" time="0.1"/>
  <testcase classname="Testcases.TC_0002_ToolsQA" name="Enterdetails" time="0.381"/>
  <testcase classname="Testcases.TC_0002_ToolsQA" name="draganddrop" time="1.323"/>
  <testcase classname="Testcases.TC_0002_ToolsQA" name="mouseactions" time="1.496"/>
  <testcase classname="Testcases.TC_0002_ToolsQA" name="displaylinks" time="0.091"/>
  <testcase classname="Testcases.TC_0002_ToolsQA" name="handlingbrokenlinks" time="0.837"/>
  <testcase classname="Testcases.TC_0002_ToolsQA" name="handlingbrokenimage" time="0.316"/>
  <testcase classname="Testcases.TC_0002_ToolsQA" name="textboxactions" time="1.138"/>
  <testcase classname="Testcases.TC_0002_ToolsQA" name="checkboxaction" time="0.635"/>
  <testcase classname="Testcases.TC_0002_ToolsQA" name="radiobuttonactions" time="0.601"/>
  <testcase classname="Testcases.TC_0002_ToolsQA" name="webtablehandling" time="2.139"/>
  <testcase classname="Testcases.TC_0002_ToolsQA" name="windowhandler" time="16.213"/>
  <testcase classname="Testcases.TC_0002_ToolsQA" name="calenderactions" time="1.516"/>
  <testcase classname="Testcases.TC_0002_ToolsQA" name="exceptioncheck" time="0.003"/>
</testsuite> <!-- ToolsQA -->
