<?xml version="1.0" encoding="UTF-8"?>
<testng-results ignored="0" total="4" passed="4" failed="0" skipped="0">
  <reporter-output>
  </reporter-output>
  <suite started-at="2023-10-19T16:44:41 IST" name="Suite" finished-at="2023-10-19T16:44:41 IST" duration-ms="690">
    <groups>
      <group name="regression">
        <method signature="TC_0001_checkforlogin.aftercheck1()[pri:1, instance:Testcases.TC_0001_checkforlogin@4466af20]" name="aftercheck1" class="Testcases.TC_0001_checkforlogin"/>
        <method signature="TC_0001_checkforlogin.basecheck1()[pri:2, instance:Testcases.TC_0001_checkforlogin@4466af20]" name="basecheck1" class="Testcases.TC_0001_checkforlogin"/>
        <method signature="TC_0001_checkforlogin.excelread(java.lang.String,java.lang.String)[pri:4, instance:Testcases.TC_0001_checkforlogin@4466af20]" name="excelread" class="Testcases.TC_0001_checkforlogin"/>
      </group> <!-- regression -->
    </groups>
    <test started-at="2023-10-19T16:44:41 IST" name="Test" finished-at="2023-10-19T16:44:41 IST" duration-ms="690">
      <class name="Testcases.TC_0001_checkforlogin">
        <test-method signature="aftercheck1()[pri:1, instance:Testcases.TC_0001_checkforlogin@4466af20]" started-at="2023-10-19T16:44:41 IST" name="aftercheck1" finished-at="2023-10-19T16:44:41 IST" duration-ms="5" status="PASS">
          <reporter-output>
          </reporter-output>
        </test-method> <!-- aftercheck1 -->
        <test-method signature="basecheck1()[pri:2, instance:Testcases.TC_0001_checkforlogin@4466af20]" started-at="2023-10-19T16:44:41 IST" name="basecheck1" finished-at="2023-10-19T16:44:41 IST" duration-ms="1" status="PASS">
          <reporter-output>
          </reporter-output>
        </test-method> <!-- basecheck1 -->
        <test-method signature="excelread(java.lang.String,java.lang.String)[pri:4, instance:Testcases.TC_0001_checkforlogin@4466af20]" started-at="2023-10-19T16:44:41 IST" name="excelread" data-provider="readdata" finished-at="2023-10-19T16:44:41 IST" duration-ms="3" status="PASS">
          <params>
            <param index="0">
              <value>
                <![CDATA[aswin]]>
              </value>
            </param>
            <param index="1">
              <value>
                <![CDATA[aswincheck]]>
              </value>
            </param>
          </params>
          <reporter-output>
          </reporter-output>
        </test-method> <!-- excelread -->
        <test-method signature="excelread(java.lang.String,java.lang.String)[pri:4, instance:Testcases.TC_0001_checkforlogin@4466af20]" started-at="2023-10-19T16:44:41 IST" name="excelread" data-provider="readdata" finished-at="2023-10-19T16:44:41 IST" duration-ms="1" status="PASS">
          <params>
            <param index="0">
              <value>
                <![CDATA[heisy]]>
              </value>
            </param>
            <param index="1">
              <value>
                <![CDATA[heisycheck]]>
              </value>
            </param>
          </params>
          <reporter-output>
          </reporter-output>
        </test-method> <!-- excelread -->
      </class> <!-- Testcases.TC_0001_checkforlogin -->
    </test> <!-- Test -->
  </suite> <!-- Suite -->
</testng-results>
