<?xml version="1.0" encoding="UTF-8"?>
<testng-results ignored="0" total="1" passed="1" failed="0" skipped="0">
  <reporter-output>
  </reporter-output>
  <suite started-at="2023-10-14T17:23:56 IST" name="Suite" finished-at="2023-10-14T17:23:56 IST" duration-ms="43">
    <groups>
    </groups>
    <test started-at="2023-10-14T17:23:56 IST" name="Test" finished-at="2023-10-14T17:23:56 IST" duration-ms="43">
      <class name="Testcases.TC_0001_checkforlogin">
        <test-method signature="check1()[pri:0, instance:Testcases.TC_0001_checkforlogin@31368b99]" started-at="2023-10-14T17:23:56 IST" name="check1" finished-at="2023-10-14T17:23:56 IST" duration-ms="6" status="PASS">
          <reporter-output>
          </reporter-output>
        </test-method> <!-- check1 -->
      </class> <!-- Testcases.TC_0001_checkforlogin -->
    </test> <!-- Test -->
  </suite> <!-- Suite -->
</testng-results>
