<?xml version="1.0" encoding="UTF-8"?>
<testng-results ignored="0" total="11" passed="11" failed="0" skipped="0">
  <reporter-output>
  </reporter-output>
  <suite started-at="2024-01-22T12:56:18 IST" name="Suite" finished-at="2024-01-22T12:57:10 IST" duration-ms="52147">
    <groups>
    </groups>
    <test started-at="2024-01-22T12:56:18 IST" name="Rahulshetty" finished-at="2024-01-22T12:57:10 IST" duration-ms="52147">
      <class name="Testcases.TC_0003_RahushettyTC">
        <test-method is-config="true" signature="setup(java.lang.String,java.lang.String)[pri:0, instance:Testcases.TC_0003_RahushettyTC@4c1f22f3]" started-at="2024-01-22T12:56:18 IST" name="setup" finished-at="2024-01-22T12:56:37 IST" duration-ms="18883" status="PASS">
          <params>
            <param index="0">
              <value>
                <![CDATA[https://rahulshettyacademy.com/AutomationPractice/]]>
              </value>
            </param>
            <param index="1">
              <value>
                <![CDATA[chrome]]>
              </value>
            </param>
          </params>
          <reporter-output>
          </reporter-output>
        </test-method> <!-- setup -->
        <test-method signature="init()[pri:0, instance:Testcases.TC_0003_RahushettyTC@4c1f22f3]" started-at="2024-01-22T12:56:37 IST" name="init" finished-at="2024-01-22T12:56:37 IST" duration-ms="105" status="PASS">
          <reporter-output>
          </reporter-output>
        </test-method> <!-- init -->
        <test-method signature="clickradiobutton()[pri:1, instance:Testcases.TC_0003_RahushettyTC@4c1f22f3]" started-at="2024-01-22T12:56:37 IST" name="clickradiobutton" finished-at="2024-01-22T12:56:39 IST" duration-ms="1860" status="PASS">
          <reporter-output>
          </reporter-output>
        </test-method> <!-- clickradiobutton -->
        <test-method signature="alertpopuphandler()[pri:2, instance:Testcases.TC_0003_RahushettyTC@4c1f22f3]" started-at="2024-01-22T12:56:39 IST" name="alertpopuphandler" finished-at="2024-01-22T12:56:40 IST" duration-ms="984" status="PASS">
          <reporter-output>
          </reporter-output>
        </test-method> <!-- alertpopuphandler -->
        <test-method signature="displayalllinks()[pri:3, instance:Testcases.TC_0003_RahushettyTC@4c1f22f3]" started-at="2024-01-22T12:56:40 IST" name="displayalllinks" finished-at="2024-01-22T12:56:41 IST" duration-ms="1182" status="PASS">
          <reporter-output>
          </reporter-output>
        </test-method> <!-- displayalllinks -->
        <test-method signature="windowhandler()[pri:4, instance:Testcases.TC_0003_RahushettyTC@4c1f22f3]" started-at="2024-01-22T12:56:41 IST" name="windowhandler" finished-at="2024-01-22T12:56:52 IST" duration-ms="10820" status="PASS">
          <reporter-output>
          </reporter-output>
        </test-method> <!-- windowhandler -->
        <test-method signature="dynamictablehandler()[pri:5, instance:Testcases.TC_0003_RahushettyTC@4c1f22f3]" started-at="2024-01-22T12:56:52 IST" name="dynamictablehandler" finished-at="2024-01-22T12:56:54 IST" duration-ms="1651" status="PASS">
          <reporter-output>
          </reporter-output>
        </test-method> <!-- dynamictablehandler -->
        <test-method signature="brokenlinkvalidations()[pri:6, instance:Testcases.TC_0003_RahushettyTC@4c1f22f3]" started-at="2024-01-22T12:56:54 IST" name="brokenlinkvalidations" finished-at="2024-01-22T12:57:00 IST" duration-ms="6461" status="PASS">
          <reporter-output>
          </reporter-output>
        </test-method> <!-- brokenlinkvalidations -->
        <test-method signature="selectdropdown()[pri:7, instance:Testcases.TC_0003_RahushettyTC@4c1f22f3]" started-at="2024-01-22T12:57:00 IST" name="selectdropdown" finished-at="2024-01-22T12:57:00 IST" duration-ms="164" status="PASS">
          <reporter-output>
          </reporter-output>
        </test-method> <!-- selectdropdown -->
        <test-method signature="suggestionbox()[pri:8, instance:Testcases.TC_0003_RahushettyTC@4c1f22f3]" started-at="2024-01-22T12:57:00 IST" name="suggestionbox" finished-at="2024-01-22T12:57:02 IST" duration-ms="1893" status="PASS">
          <reporter-output>
          </reporter-output>
        </test-method> <!-- suggestionbox -->
        <test-method signature="checkboxclick()[pri:9, instance:Testcases.TC_0003_RahushettyTC@4c1f22f3]" started-at="2024-01-22T12:57:02 IST" name="checkboxclick" finished-at="2024-01-22T12:57:03 IST" duration-ms="312" status="PASS">
          <reporter-output>
          </reporter-output>
        </test-method> <!-- checkboxclick -->
        <test-method signature="newtabhandling()[pri:10, instance:Testcases.TC_0003_RahushettyTC@4c1f22f3]" started-at="2024-01-22T12:57:03 IST" name="newtabhandling" finished-at="2024-01-22T12:57:10 IST" duration-ms="7605" status="PASS">
          <reporter-output>
          </reporter-output>
        </test-method> <!-- newtabhandling -->
      </class> <!-- Testcases.TC_0003_RahushettyTC -->
    </test> <!-- Rahulshetty -->
  </suite> <!-- Suite -->
</testng-results>
