<?xml version="1.0" encoding="UTF-8"?>
<testng-results ignored="0" total="14" passed="14" failed="0" skipped="0">
  <reporter-output>
  </reporter-output>
  <suite started-at="2024-01-25T17:24:49 IST" name="Suite" finished-at="2024-01-25T17:26:41 IST" duration-ms="112363">
    <groups>
    </groups>
    <test started-at="2024-01-25T17:24:49 IST" name="Rahulshetty" finished-at="2024-01-25T17:26:41 IST" duration-ms="112363">
      <class name="Testcases.TC_0003_RahushettyTC">
        <test-method is-config="true" signature="setup(java.lang.String,java.lang.String)[pri:0, instance:Testcases.TC_0003_RahushettyTC@7ae42ce3]" started-at="2024-01-25T17:24:49 IST" name="setup" finished-at="2024-01-25T17:25:07 IST" duration-ms="17994" status="PASS">
          <params>
            <param index="0">
              <value>
                <![CDATA[https://rahulshettyacademy.com/AutomationPractice/]]>
              </value>
            </param>
            <param index="1">
              <value>
                <![CDATA[chrome]]>
              </value>
            </param>
          </params>
          <reporter-output>
          </reporter-output>
        </test-method> <!-- setup -->
        <test-method signature="init()[pri:0, instance:Testcases.TC_0003_RahushettyTC@7ae42ce3]" started-at="2024-01-25T17:25:07 IST" name="init" finished-at="2024-01-25T17:25:07 IST" duration-ms="81" status="PASS">
          <reporter-output>
          </reporter-output>
        </test-method> <!-- init -->
        <test-method signature="clickradiobutton()[pri:1, instance:Testcases.TC_0003_RahushettyTC@7ae42ce3]" started-at="2024-01-25T17:25:07 IST" name="clickradiobutton" finished-at="2024-01-25T17:25:09 IST" duration-ms="1564" status="PASS">
          <reporter-output>
          </reporter-output>
        </test-method> <!-- clickradiobutton -->
        <test-method signature="alertpopuphandler()[pri:2, instance:Testcases.TC_0003_RahushettyTC@7ae42ce3]" started-at="2024-01-25T17:25:09 IST" name="alertpopuphandler" finished-at="2024-01-25T17:25:09 IST" duration-ms="306" status="PASS">
          <reporter-output>
          </reporter-output>
        </test-method> <!-- alertpopuphandler -->
        <test-method signature="displayalllinks()[pri:3, instance:Testcases.TC_0003_RahushettyTC@7ae42ce3]" started-at="2024-01-25T17:25:09 IST" name="displayalllinks" finished-at="2024-01-25T17:25:10 IST" duration-ms="1367" status="PASS">
          <reporter-output>
          </reporter-output>
        </test-method> <!-- displayalllinks -->
        <test-method signature="windowhandler()[pri:4, instance:Testcases.TC_0003_RahushettyTC@7ae42ce3]" started-at="2024-01-25T17:25:10 IST" name="windowhandler" finished-at="2024-01-25T17:25:34 IST" duration-ms="23901" status="PASS">
          <reporter-output>
          </reporter-output>
        </test-method> <!-- windowhandler -->
        <test-method signature="dynamictablehandler()[pri:5, instance:Testcases.TC_0003_RahushettyTC@7ae42ce3]" started-at="2024-01-25T17:25:34 IST" name="dynamictablehandler" finished-at="2024-01-25T17:25:36 IST" duration-ms="1877" status="PASS">
          <reporter-output>
          </reporter-output>
        </test-method> <!-- dynamictablehandler -->
        <test-method signature="brokenlinkvalidations()[pri:6, instance:Testcases.TC_0003_RahushettyTC@7ae42ce3]" started-at="2024-01-25T17:25:36 IST" name="brokenlinkvalidations" finished-at="2024-01-25T17:25:39 IST" duration-ms="3366" status="PASS">
          <reporter-output>
          </reporter-output>
        </test-method> <!-- brokenlinkvalidations -->
        <test-method signature="selectdropdown()[pri:7, instance:Testcases.TC_0003_RahushettyTC@7ae42ce3]" started-at="2024-01-25T17:25:40 IST" name="selectdropdown" finished-at="2024-01-25T17:25:40 IST" duration-ms="175" status="PASS">
          <reporter-output>
          </reporter-output>
        </test-method> <!-- selectdropdown -->
        <test-method signature="suggestionbox()[pri:8, instance:Testcases.TC_0003_RahushettyTC@7ae42ce3]" started-at="2024-01-25T17:25:40 IST" name="suggestionbox" finished-at="2024-01-25T17:25:42 IST" duration-ms="2126" status="PASS">
          <reporter-output>
          </reporter-output>
        </test-method> <!-- suggestionbox -->
        <test-method signature="checkboxclick()[pri:9, instance:Testcases.TC_0003_RahushettyTC@7ae42ce3]" started-at="2024-01-25T17:25:42 IST" name="checkboxclick" finished-at="2024-01-25T17:25:42 IST" duration-ms="359" status="PASS">
          <reporter-output>
          </reporter-output>
        </test-method> <!-- checkboxclick -->
        <test-method signature="newtabhandling()[pri:10, instance:Testcases.TC_0003_RahushettyTC@7ae42ce3]" started-at="2024-01-25T17:25:42 IST" name="newtabhandling" finished-at="2024-01-25T17:25:49 IST" duration-ms="6918" status="PASS">
          <reporter-output>
          </reporter-output>
        </test-method> <!-- newtabhandling -->
        <test-method signature="alerthandler2()[pri:11, instance:Testcases.TC_0003_RahushettyTC@7ae42ce3]" started-at="2024-01-25T17:25:49 IST" name="alerthandler2" finished-at="2024-01-25T17:25:50 IST" duration-ms="702" status="PASS">
          <reporter-output>
          </reporter-output>
        </test-method> <!-- alerthandler2 -->
        <test-method signature="mousehoverhandling()[pri:12, instance:Testcases.TC_0003_RahushettyTC@7ae42ce3]" started-at="2024-01-25T17:25:50 IST" name="mousehoverhandling" finished-at="2024-01-25T17:25:51 IST" duration-ms="1086" status="PASS">
          <reporter-output>
          </reporter-output>
        </test-method> <!-- mousehoverhandling -->
        <test-method signature="iframeaccess()[pri:13, instance:Testcases.TC_0003_RahushettyTC@7ae42ce3]" started-at="2024-01-25T17:25:51 IST" name="iframeaccess" finished-at="2024-01-25T17:26:41 IST" duration-ms="50309" status="PASS">
          <reporter-output>
          </reporter-output>
        </test-method> <!-- iframeaccess -->
      </class> <!-- Testcases.TC_0003_RahushettyTC -->
    </test> <!-- Rahulshetty -->
  </suite> <!-- Suite -->
</testng-results>
